  ClassWork1.cpp
C:\Users\vlado\Desktop\C++\2nd work\ClassWork2\ClassWork2\ClassWork1.cpp(42,10): error C2678: бинарный ">>": не найден оператор, принимающий левый операнд типа "std::istream" (или приемлемое преобразование отсутствует)
  C:\Program Files\Microsoft Visual Studio\2022\Community\VC\Tools\MSVC\14.38.33130\include\istream(296,39):
  может быть "std::basic_istream<char,std::char_traits<char>> &std::basic_istream<char,std::char_traits<char>>::operator >>(std::basic_streambuf<char,std::char_traits<char>> *)"
  C:\Program Files\Microsoft Visual Studio\2022\Community\VC\Tools\MSVC\14.38.33130\include\istream(292,39):
  или       "std::basic_istream<char,std::char_traits<char>> &std::basic_istream<char,std::char_traits<char>>::operator >>(void *&)"
  C:\Program Files\Microsoft Visual Studio\2022\Community\VC\Tools\MSVC\14.38.33130\include\istream(288,39):
  или       "std::basic_istream<char,std::char_traits<char>> &std::basic_istream<char,std::char_traits<char>>::operator >>(long double &)"
  C:\Program Files\Microsoft Visual Studio\2022\Community\VC\Tools\MSVC\14.38.33130\include\istream(284,39):
  или       "std::basic_istream<char,std::char_traits<char>> &std::basic_istream<char,std::char_traits<char>>::operator >>(double &)"
  C:\Program Files\Microsoft Visual Studio\2022\Community\VC\Tools\MSVC\14.38.33130\include\istream(280,39):
  или       "std::basic_istream<char,std::char_traits<char>> &std::basic_istream<char,std::char_traits<char>>::operator >>(float &)"
  C:\Program Files\Microsoft Visual Studio\2022\Community\VC\Tools\MSVC\14.38.33130\include\istream(276,39):
  или       "std::basic_istream<char,std::char_traits<char>> &std::basic_istream<char,std::char_traits<char>>::operator >>(unsigned __int64 &)"
  C:\Program Files\Microsoft Visual Studio\2022\Community\VC\Tools\MSVC\14.38.33130\include\istream(272,39):
  или       "std::basic_istream<char,std::char_traits<char>> &std::basic_istream<char,std::char_traits<char>>::operator >>(__int64 &)"
  C:\Program Files\Microsoft Visual Studio\2022\Community\VC\Tools\MSVC\14.38.33130\include\istream(268,39):
  или       "std::basic_istream<char,std::char_traits<char>> &std::basic_istream<char,std::char_traits<char>>::operator >>(unsigned long &)"
  C:\Program Files\Microsoft Visual Studio\2022\Community\VC\Tools\MSVC\14.38.33130\include\istream(264,39):
  или       "std::basic_istream<char,std::char_traits<char>> &std::basic_istream<char,std::char_traits<char>>::operator >>(long &)"
  C:\Program Files\Microsoft Visual Studio\2022\Community\VC\Tools\MSVC\14.38.33130\include\istream(260,39):
  или       "std::basic_istream<char,std::char_traits<char>> &std::basic_istream<char,std::char_traits<char>>::operator >>(unsigned int &)"
  C:\Program Files\Microsoft Visual Studio\2022\Community\VC\Tools\MSVC\14.38.33130\include\istream(252,39):
  или       "std::basic_istream<char,std::char_traits<char>> &std::basic_istream<char,std::char_traits<char>>::operator >>(int &)"
  C:\Program Files\Microsoft Visual Studio\2022\Community\VC\Tools\MSVC\14.38.33130\include\istream(248,39):
  или       "std::basic_istream<char,std::char_traits<char>> &std::basic_istream<char,std::char_traits<char>>::operator >>(unsigned short &)"
  C:\Program Files\Microsoft Visual Studio\2022\Community\VC\Tools\MSVC\14.38.33130\include\istream(216,39):
  или       "std::basic_istream<char,std::char_traits<char>> &std::basic_istream<char,std::char_traits<char>>::operator >>(short &)"
  C:\Program Files\Microsoft Visual Studio\2022\Community\VC\Tools\MSVC\14.38.33130\include\istream(212,39):
  или       "std::basic_istream<char,std::char_traits<char>> &std::basic_istream<char,std::char_traits<char>>::operator >>(bool &)"
  C:\Program Files\Microsoft Visual Studio\2022\Community\VC\Tools\MSVC\14.38.33130\include\istream(183,39):
  или       "std::basic_istream<char,std::char_traits<char>> &std::basic_istream<char,std::char_traits<char>>::operator >>(std::ios_base &(__cdecl *)(std::ios_base &))"
  C:\Program Files\Microsoft Visual Studio\2022\Community\VC\Tools\MSVC\14.38.33130\include\istream(178,39):
  или       "std::basic_istream<char,std::char_traits<char>> &std::basic_istream<char,std::char_traits<char>>::operator >>(std::basic_ios<char,std::char_traits<char>> &(__cdecl *)(std::basic_ios<char,std::char_traits<char>> &))"
  C:\Program Files\Microsoft Visual Studio\2022\Community\VC\Tools\MSVC\14.38.33130\include\istream(173,39):
  или       "std::basic_istream<char,std::char_traits<char>> &std::basic_istream<char,std::char_traits<char>>::operator >>(std::basic_istream<char,std::char_traits<char>> &(__cdecl *)(std::basic_istream<char,std::char_traits<char>> &))"
  C:\Users\vlado\Desktop\C++\2nd work\ClassWork2\ClassWork2\ClassWork1.cpp(42,10):
  или       "встроенный оператор C++>>(int, int)"
  C:\Program Files\Microsoft Visual Studio\2022\Community\VC\Tools\MSVC\14.38.33130\include\xstring(5144,32):
  или       "std::basic_istream<_Elem,_Traits> &std::operator >>(std::basic_istream<_Elem,_Traits> &,std::basic_string<_Elem,_Traits,_Alloc> &)"
  	C:\Users\vlado\Desktop\C++\2nd work\ClassWork2\ClassWork2\ClassWork1.cpp(42,10):
  	'std::basic_istream<_Elem,_Traits> &std::operator >>(std::basic_istream<_Elem,_Traits> &,std::basic_string<_Elem,_Traits,_Alloc> &)': не удалось вывести аргумент шаблон для 'std::basic_string<_Elem,_Traits,_Alloc> &' из 'Mark'
  C:\Program Files\Microsoft Visual Studio\2022\Community\VC\Tools\MSVC\14.38.33130\include\istream(842,32):
  или       "std::basic_istream<_Elem,_Traits> &std::operator >>(std::basic_istream<_Elem,_Traits> &,_Elem *)"
  	C:\Users\vlado\Desktop\C++\2nd work\ClassWork2\ClassWork2\ClassWork1.cpp(42,10):
  	'std::basic_istream<_Elem,_Traits> &std::operator >>(std::basic_istream<_Elem,_Traits> &,_Elem *)': не удалось вывести аргумент шаблон для '_Elem *' из 'Mark'
  C:\Program Files\Microsoft Visual Studio\2022\Community\VC\Tools\MSVC\14.38.33130\include\istream(847,31):
  или       "std::basic_istream<char,_Traits> &std::operator >>(std::basic_istream<char,_Traits> &,signed char *)"
  	C:\Users\vlado\Desktop\C++\2nd work\ClassWork2\ClassWork2\ClassWork1.cpp(42,17):
  	инициализация: невозможно преобразовать "Mark" в "signed char *"
  		C:\Users\vlado\Desktop\C++\2nd work\ClassWork2\ClassWork2\ClassWork1.cpp(42,17):
  		Для преобразования из целого типа в указатель требуется reinterpret_cast, приведение в стиле С или приведение в стиле функции в круглых скобках
  C:\Program Files\Microsoft Visual Studio\2022\Community\VC\Tools\MSVC\14.38.33130\include\istream(852,31):
  или       "std::basic_istream<char,_Traits> &std::operator >>(std::basic_istream<char,_Traits> &,unsigned char *)"
  	C:\Users\vlado\Desktop\C++\2nd work\ClassWork2\ClassWork2\ClassWork1.cpp(42,17):
  	инициализация: невозможно преобразовать "Mark" в "unsigned char *"
  		C:\Users\vlado\Desktop\C++\2nd work\ClassWork2\ClassWork2\ClassWork1.cpp(42,17):
  		Для преобразования из целого типа в указатель требуется reinterpret_cast, приведение в стиле С или приведение в стиле функции в круглых скобках
  C:\Program Files\Microsoft Visual Studio\2022\Community\VC\Tools\MSVC\14.38.33130\include\istream(858,32):
  или       "std::basic_istream<_Elem,_Traits> &std::operator >>(std::basic_istream<_Elem,_Traits> &,_Elem &)"
  	C:\Users\vlado\Desktop\C++\2nd work\ClassWork2\ClassWork2\ClassWork1.cpp(42,10):
  	"std::basic_istream<_Elem,_Traits> &std::operator >>(std::basic_istream<_Elem,_Traits> &,_Elem &)": в шаблон параметр "_Elem" неоднозначен
  		C:\Users\vlado\Desktop\C++\2nd work\ClassWork2\ClassWork2\ClassWork1.cpp(42,10):
  		может быть "Mark"
  		C:\Users\vlado\Desktop\C++\2nd work\ClassWork2\ClassWork2\ClassWork1.cpp(42,10):
  		или       "char"
  	C:\Users\vlado\Desktop\C++\2nd work\ClassWork2\ClassWork2\ClassWork1.cpp(42,10):
  	'std::basic_istream<_Elem,_Traits> &std::operator >>(std::basic_istream<_Elem,_Traits> &,_Elem &)': не удалось вывести аргумент шаблон для '_Elem &' из 'Mark'
  C:\Program Files\Microsoft Visual Studio\2022\Community\VC\Tools\MSVC\14.38.33130\include\istream(881,31):
  или       "std::basic_istream<char,_Traits> &std::operator >>(std::basic_istream<char,_Traits> &,signed char &)"
  	C:\Users\vlado\Desktop\C++\2nd work\ClassWork2\ClassWork2\ClassWork1.cpp(42,17):
  	инициализация: невозможно преобразовать "Mark" в "signed char &"
  C:\Program Files\Microsoft Visual Studio\2022\Community\VC\Tools\MSVC\14.38.33130\include\istream(887,31):
  или       "std::basic_istream<char,_Traits> &std::operator >>(std::basic_istream<char,_Traits> &,unsigned char &)"
  	C:\Users\vlado\Desktop\C++\2nd work\ClassWork2\ClassWork2\ClassWork1.cpp(42,17):
  	инициализация: невозможно преобразовать "Mark" в "unsigned char &"
  C:\Program Files\Microsoft Visual Studio\2022\Community\VC\Tools\MSVC\14.38.33130\include\istream(900,9):
  или       "_Istr &&std::operator >>(_Istr &&,_Ty &&)"
  	C:\Users\vlado\Desktop\C++\2nd work\ClassWork2\ClassWork2\ClassWork1.cpp(42,10):
  	"_Istr &&std::operator >>(_Istr &&,_Ty &&)": не удается вывести аргумент шаблон для "__formal"
  		C:\Program Files\Microsoft Visual Studio\2022\Community\VC\Tools\MSVC\14.38.33130\include\istream(899,102):
  		"<template-parameter>": невозможно создать указатель на ссылку
  C:\Users\vlado\Desktop\C++\2nd work\ClassWork2\ClassWork2\ClassWork1.cpp(42,10):
  при попытке сопоставить список аргументов "(std::istream, Mark)"
  
C:\Users\vlado\Desktop\C++\2nd work\ClassWork2\ClassWork2\ClassWork1.cpp(43,10): error C2678: бинарный ">>": не найден оператор, принимающий левый операнд типа "std::istream" (или приемлемое преобразование отсутствует)
  C:\Program Files\Microsoft Visual Studio\2022\Community\VC\Tools\MSVC\14.38.33130\include\istream(296,39):
  может быть "std::basic_istream<char,std::char_traits<char>> &std::basic_istream<char,std::char_traits<char>>::operator >>(std::basic_streambuf<char,std::char_traits<char>> *)"
  C:\Program Files\Microsoft Visual Studio\2022\Community\VC\Tools\MSVC\14.38.33130\include\istream(292,39):
  или       "std::basic_istream<char,std::char_traits<char>> &std::basic_istream<char,std::char_traits<char>>::operator >>(void *&)"
  C:\Program Files\Microsoft Visual Studio\2022\Community\VC\Tools\MSVC\14.38.33130\include\istream(288,39):
  или       "std::basic_istream<char,std::char_traits<char>> &std::basic_istream<char,std::char_traits<char>>::operator >>(long double &)"
  C:\Program Files\Microsoft Visual Studio\2022\Community\VC\Tools\MSVC\14.38.33130\include\istream(284,39):
  или       "std::basic_istream<char,std::char_traits<char>> &std::basic_istream<char,std::char_traits<char>>::operator >>(double &)"
  C:\Program Files\Microsoft Visual Studio\2022\Community\VC\Tools\MSVC\14.38.33130\include\istream(280,39):
  или       "std::basic_istream<char,std::char_traits<char>> &std::basic_istream<char,std::char_traits<char>>::operator >>(float &)"
  C:\Program Files\Microsoft Visual Studio\2022\Community\VC\Tools\MSVC\14.38.33130\include\istream(276,39):
  или       "std::basic_istream<char,std::char_traits<char>> &std::basic_istream<char,std::char_traits<char>>::operator >>(unsigned __int64 &)"
  C:\Program Files\Microsoft Visual Studio\2022\Community\VC\Tools\MSVC\14.38.33130\include\istream(272,39):
  или       "std::basic_istream<char,std::char_traits<char>> &std::basic_istream<char,std::char_traits<char>>::operator >>(__int64 &)"
  C:\Program Files\Microsoft Visual Studio\2022\Community\VC\Tools\MSVC\14.38.33130\include\istream(268,39):
  или       "std::basic_istream<char,std::char_traits<char>> &std::basic_istream<char,std::char_traits<char>>::operator >>(unsigned long &)"
  C:\Program Files\Microsoft Visual Studio\2022\Community\VC\Tools\MSVC\14.38.33130\include\istream(264,39):
  или       "std::basic_istream<char,std::char_traits<char>> &std::basic_istream<char,std::char_traits<char>>::operator >>(long &)"
  C:\Program Files\Microsoft Visual Studio\2022\Community\VC\Tools\MSVC\14.38.33130\include\istream(260,39):
  или       "std::basic_istream<char,std::char_traits<char>> &std::basic_istream<char,std::char_traits<char>>::operator >>(unsigned int &)"
  C:\Program Files\Microsoft Visual Studio\2022\Community\VC\Tools\MSVC\14.38.33130\include\istream(252,39):
  или       "std::basic_istream<char,std::char_traits<char>> &std::basic_istream<char,std::char_traits<char>>::operator >>(int &)"
  C:\Program Files\Microsoft Visual Studio\2022\Community\VC\Tools\MSVC\14.38.33130\include\istream(248,39):
  или       "std::basic_istream<char,std::char_traits<char>> &std::basic_istream<char,std::char_traits<char>>::operator >>(unsigned short &)"
  C:\Program Files\Microsoft Visual Studio\2022\Community\VC\Tools\MSVC\14.38.33130\include\istream(216,39):
  или       "std::basic_istream<char,std::char_traits<char>> &std::basic_istream<char,std::char_traits<char>>::operator >>(short &)"
  C:\Program Files\Microsoft Visual Studio\2022\Community\VC\Tools\MSVC\14.38.33130\include\istream(212,39):
  или       "std::basic_istream<char,std::char_traits<char>> &std::basic_istream<char,std::char_traits<char>>::operator >>(bool &)"
  C:\Program Files\Microsoft Visual Studio\2022\Community\VC\Tools\MSVC\14.38.33130\include\istream(183,39):
  или       "std::basic_istream<char,std::char_traits<char>> &std::basic_istream<char,std::char_traits<char>>::operator >>(std::ios_base &(__cdecl *)(std::ios_base &))"
  C:\Program Files\Microsoft Visual Studio\2022\Community\VC\Tools\MSVC\14.38.33130\include\istream(178,39):
  или       "std::basic_istream<char,std::char_traits<char>> &std::basic_istream<char,std::char_traits<char>>::operator >>(std::basic_ios<char,std::char_traits<char>> &(__cdecl *)(std::basic_ios<char,std::char_traits<char>> &))"
  C:\Program Files\Microsoft Visual Studio\2022\Community\VC\Tools\MSVC\14.38.33130\include\istream(173,39):
  или       "std::basic_istream<char,std::char_traits<char>> &std::basic_istream<char,std::char_traits<char>>::operator >>(std::basic_istream<char,std::char_traits<char>> &(__cdecl *)(std::basic_istream<char,std::char_traits<char>> &))"
  C:\Users\vlado\Desktop\C++\2nd work\ClassWork2\ClassWork2\ClassWork1.cpp(43,10):
  или       "встроенный оператор C++>>(int, int)"
  C:\Program Files\Microsoft Visual Studio\2022\Community\VC\Tools\MSVC\14.38.33130\include\xstring(5144,32):
  или       "std::basic_istream<_Elem,_Traits> &std::operator >>(std::basic_istream<_Elem,_Traits> &,std::basic_string<_Elem,_Traits,_Alloc> &)"
  	C:\Users\vlado\Desktop\C++\2nd work\ClassWork2\ClassWork2\ClassWork1.cpp(43,10):
  	'std::basic_istream<_Elem,_Traits> &std::operator >>(std::basic_istream<_Elem,_Traits> &,std::basic_string<_Elem,_Traits,_Alloc> &)': не удалось вывести аргумент шаблон для 'std::basic_string<_Elem,_Traits,_Alloc> &' из 'Colour'
  C:\Program Files\Microsoft Visual Studio\2022\Community\VC\Tools\MSVC\14.38.33130\include\istream(842,32):
  или       "std::basic_istream<_Elem,_Traits> &std::operator >>(std::basic_istream<_Elem,_Traits> &,_Elem *)"
  	C:\Users\vlado\Desktop\C++\2nd work\ClassWork2\ClassWork2\ClassWork1.cpp(43,10):
  	'std::basic_istream<_Elem,_Traits> &std::operator >>(std::basic_istream<_Elem,_Traits> &,_Elem *)': не удалось вывести аргумент шаблон для '_Elem *' из 'Colour'
  C:\Program Files\Microsoft Visual Studio\2022\Community\VC\Tools\MSVC\14.38.33130\include\istream(847,31):
  или       "std::basic_istream<char,_Traits> &std::operator >>(std::basic_istream<char,_Traits> &,signed char *)"
  	C:\Users\vlado\Desktop\C++\2nd work\ClassWork2\ClassWork2\ClassWork1.cpp(43,17):
  	инициализация: невозможно преобразовать "Colour" в "signed char *"
  		C:\Users\vlado\Desktop\C++\2nd work\ClassWork2\ClassWork2\ClassWork1.cpp(43,17):
  		Для преобразования из целого типа в указатель требуется reinterpret_cast, приведение в стиле С или приведение в стиле функции в круглых скобках
  C:\Program Files\Microsoft Visual Studio\2022\Community\VC\Tools\MSVC\14.38.33130\include\istream(852,31):
  или       "std::basic_istream<char,_Traits> &std::operator >>(std::basic_istream<char,_Traits> &,unsigned char *)"
  	C:\Users\vlado\Desktop\C++\2nd work\ClassWork2\ClassWork2\ClassWork1.cpp(43,17):
  	инициализация: невозможно преобразовать "Colour" в "unsigned char *"
  		C:\Users\vlado\Desktop\C++\2nd work\ClassWork2\ClassWork2\ClassWork1.cpp(43,17):
  		Для преобразования из целого типа в указатель требуется reinterpret_cast, приведение в стиле С или приведение в стиле функции в круглых скобках
  C:\Program Files\Microsoft Visual Studio\2022\Community\VC\Tools\MSVC\14.38.33130\include\istream(858,32):
  или       "std::basic_istream<_Elem,_Traits> &std::operator >>(std::basic_istream<_Elem,_Traits> &,_Elem &)"
  	C:\Users\vlado\Desktop\C++\2nd work\ClassWork2\ClassWork2\ClassWork1.cpp(43,10):
  	"std::basic_istream<_Elem,_Traits> &std::operator >>(std::basic_istream<_Elem,_Traits> &,_Elem &)": в шаблон параметр "_Elem" неоднозначен
  		C:\Users\vlado\Desktop\C++\2nd work\ClassWork2\ClassWork2\ClassWork1.cpp(43,10):
  		может быть "Colour"
  		C:\Users\vlado\Desktop\C++\2nd work\ClassWork2\ClassWork2\ClassWork1.cpp(43,10):
  		или       "char"
  	C:\Users\vlado\Desktop\C++\2nd work\ClassWork2\ClassWork2\ClassWork1.cpp(43,10):
  	'std::basic_istream<_Elem,_Traits> &std::operator >>(std::basic_istream<_Elem,_Traits> &,_Elem &)': не удалось вывести аргумент шаблон для '_Elem &' из 'Colour'
  C:\Program Files\Microsoft Visual Studio\2022\Community\VC\Tools\MSVC\14.38.33130\include\istream(881,31):
  или       "std::basic_istream<char,_Traits> &std::operator >>(std::basic_istream<char,_Traits> &,signed char &)"
  	C:\Users\vlado\Desktop\C++\2nd work\ClassWork2\ClassWork2\ClassWork1.cpp(43,17):
  	инициализация: невозможно преобразовать "Colour" в "signed char &"
  C:\Program Files\Microsoft Visual Studio\2022\Community\VC\Tools\MSVC\14.38.33130\include\istream(887,31):
  или       "std::basic_istream<char,_Traits> &std::operator >>(std::basic_istream<char,_Traits> &,unsigned char &)"
  	C:\Users\vlado\Desktop\C++\2nd work\ClassWork2\ClassWork2\ClassWork1.cpp(43,17):
  	инициализация: невозможно преобразовать "Colour" в "unsigned char &"
  C:\Program Files\Microsoft Visual Studio\2022\Community\VC\Tools\MSVC\14.38.33130\include\istream(900,9):
  или       "_Istr &&std::operator >>(_Istr &&,_Ty &&)"
  	C:\Users\vlado\Desktop\C++\2nd work\ClassWork2\ClassWork2\ClassWork1.cpp(43,10):
  	"_Istr &&std::operator >>(_Istr &&,_Ty &&)": не удается вывести аргумент шаблон для "__formal"
  		C:\Program Files\Microsoft Visual Studio\2022\Community\VC\Tools\MSVC\14.38.33130\include\istream(899,102):
  		"<template-parameter>": невозможно создать указатель на ссылку
  C:\Users\vlado\Desktop\C++\2nd work\ClassWork2\ClassWork2\ClassWork1.cpp(43,10):
  при попытке сопоставить список аргументов "(std::istream, Colour)"
  
